<?xml version="1.0" encoding="UTF-8"?>
<testsuite xmlns:xsi="http://www.w3.org/2001/XMLSchema-instance" xsi:noNamespaceSchemaLocation="https://maven.apache.org/surefire/maven-surefire-plugin/xsd/surefire-test-report.xsd" name="com.pftc.seleniumEasy.Runner" time="36.491" tests="18" errors="4" skipped="8" failures="0">
  <properties>
[...]
</properties>
  <testcase name="Given User Navigate to SeleniumEasy Test Home Page" classname="Scenario: Verify Single and and Multiple Checkbox Field functionality" time="0.001"/>
  <testcase name="When User Click on Input Forms hyperlink tab" classname="Scenario: Verify Single and and Multiple Checkbox Field functionality" time="0"/>
  <testcase name="Then User Click on Checkbox Demo linkText tab" classname="Scenario: Verify Single and and Multiple Checkbox Field functionality" time="0.006">
    <error type="java.lang.NullPointerException">java.lang.NullPointerException
</error>
  </testcase>
  <testcase name="Scenario: Verify Single and and Multiple Checkbox Field functionality" classname="Scenario: Verify Single and and Multiple Checkbox Field functionality" time="0.006">
    <error type="java.lang.NullPointerException">java.lang.NullPointerException
</error>
  </testcase>
  <testcase name="And User select Single Checkbox Demo radio button" classname="Scenario: Verify Single and and Multiple Checkbox Field functionality" time="0">
    <skipped/>
  </testcase>
  <testcase name="Then User click on the Check All button in Multiple Checkbox Demo section" classname="Scenario: Verify Single and and Multiple Checkbox Field functionality" time="0">
    <skipped/>
  </testcase>
  <testcase name="Then User validate the Check All message changed to Uncheck All button" classname="Scenario: Verify Single and and Multiple Checkbox Field functionality" time="0">
    <skipped/>
  </testcase>
  <testcase name="Given User Navigate to SeleniumEasy Test Home Page" classname="Scenario: Verify Single and Double Input Field Functionalities" time="0"/>
  <testcase name="When User Click on Input Forms hyperlink tab" classname="Scenario: Verify Single and Double Input Field Functionalities" time="0"/>
  <testcase name="Then User Click on  Simple form Demo Hyperlink Test" classname="Scenario: Verify Single and Double Input Field Functionalities" time="0"/>
  <testcase name="Then User Enter a message in the Enter message text box" classname="Scenario: Verify Single and Double Input Field Functionalities" time="0"/>
  <testcase name="And User Click on Show Message Button" classname="Scenario: Verify Single and Double Input Field Functionalities" time="0.012">
    <error message="element click intercepted: Element is not clickable at point (342, 637)&#10;  (Session info: chrome=78.0.3904.108)&#10;Build info: version: &apos;3.141.59&apos;, revision: &apos;e82be7d358&apos;, time: &apos;2018-11-14T08:17:03&apos;&#10;System info: host: &apos;GS-0232972-MHAQ&apos;, ip: &apos;192.168.14.160&apos;, os.name: &apos;Windows 10&apos;, os.arch: &apos;amd64&apos;, os.version: &apos;10.0&apos;, java.version: &apos;11.0.5&apos;&#10;Driver info: org.openqa.selenium.chrome.ChromeDriver&#10;Capabilities {acceptInsecureCerts: false, browserName: chrome, browserVersion: 78.0.3904.108, chrome: {chromedriverVersion: 78.0.3904.105 (60e2d8774a81..., userDataDir: C:\WINDOWS\TEMP\scoped_dir2...}, goog:chromeOptions: {debuggerAddress: localhost:49553}, javascriptEnabled: true, networkConnectionEnabled: false, pageLoadStrategy: normal, platform: XP, platformName: XP, proxy: Proxy(), setWindowRect: true, strictFileInteractability: false, timeouts: {implicit: 0, pageLoad: 300000, script: 30000}, unhandledPromptBehavior: dismiss and notify}&#10;Session ID: dbd9ae4ef5223b25b97473ff0085a276" type="org.openqa.selenium.ElementClickInterceptedException">org.openqa.selenium.ElementClickInterceptedException: 
element click intercepted: Element is not clickable at point (342, 637)
  (Session info: chrome=78.0.3904.108)
Build info: version: '3.141.59', revision: 'e82be7d358', time: '2018-11-14T08:17:03'
System info: host: 'GS-0232972-MHAQ', ip: '192.168.14.160', os.name: 'Windows 10', os.arch: 'amd64', os.version: '10.0', java.version: '11.0.5'
Driver info: org.openqa.selenium.chrome.ChromeDriver
Capabilities {acceptInsecureCerts: false, browserName: chrome, browserVersion: 78.0.3904.108, chrome: {chromedriverVersion: 78.0.3904.105 (60e2d8774a81..., userDataDir: C:\WINDOWS\TEMP\scoped_dir2...}, goog:chromeOptions: {debuggerAddress: localhost:49553}, javascriptEnabled: true, networkConnectionEnabled: false, pageLoadStrategy: normal, platform: XP, platformName: XP, proxy: Proxy(), setWindowRect: true, strictFileInteractability: false, timeouts: {implicit: 0, pageLoad: 300000, script: 30000}, unhandledPromptBehavior: dismiss and notify}
Session ID: dbd9ae4ef5223b25b97473ff0085a276
</error>
  </testcase>
  <testcase name="Scenario: Verify Single and Double Input Field Functionalities" classname="Scenario: Verify Single and Double Input Field Functionalities" time="0.013">
    <error message="element click intercepted: Element is not clickable at point (342, 637)&#10;  (Session info: chrome=78.0.3904.108)&#10;Build info: version: &apos;3.141.59&apos;, revision: &apos;e82be7d358&apos;, time: &apos;2018-11-14T08:17:03&apos;&#10;System info: host: &apos;GS-0232972-MHAQ&apos;, ip: &apos;192.168.14.160&apos;, os.name: &apos;Windows 10&apos;, os.arch: &apos;amd64&apos;, os.version: &apos;10.0&apos;, java.version: &apos;11.0.5&apos;&#10;Driver info: org.openqa.selenium.chrome.ChromeDriver&#10;Capabilities {acceptInsecureCerts: false, browserName: chrome, browserVersion: 78.0.3904.108, chrome: {chromedriverVersion: 78.0.3904.105 (60e2d8774a81..., userDataDir: C:\WINDOWS\TEMP\scoped_dir2...}, goog:chromeOptions: {debuggerAddress: localhost:49553}, javascriptEnabled: true, networkConnectionEnabled: false, pageLoadStrategy: normal, platform: XP, platformName: XP, proxy: Proxy(), setWindowRect: true, strictFileInteractability: false, timeouts: {implicit: 0, pageLoad: 300000, script: 30000}, unhandledPromptBehavior: dismiss and notify}&#10;Session ID: dbd9ae4ef5223b25b97473ff0085a276" type="org.openqa.selenium.ElementClickInterceptedException">org.openqa.selenium.ElementClickInterceptedException: 
element click intercepted: Element is not clickable at point (342, 637)
  (Session info: chrome=78.0.3904.108)
Build info: version: '3.141.59', revision: 'e82be7d358', time: '2018-11-14T08:17:03'
System info: host: 'GS-0232972-MHAQ', ip: '192.168.14.160', os.name: 'Windows 10', os.arch: 'amd64', os.version: '10.0', java.version: '11.0.5'
Driver info: org.openqa.selenium.chrome.ChromeDriver
Capabilities {acceptInsecureCerts: false, browserName: chrome, browserVersion: 78.0.3904.108, chrome: {chromedriverVersion: 78.0.3904.105 (60e2d8774a81..., userDataDir: C:\WINDOWS\TEMP\scoped_dir2...}, goog:chromeOptions: {debuggerAddress: localhost:49553}, javascriptEnabled: true, networkConnectionEnabled: false, pageLoadStrategy: normal, platform: XP, platformName: XP, proxy: Proxy(), setWindowRect: true, strictFileInteractability: false, timeouts: {implicit: 0, pageLoad: 300000, script: 30000}, unhandledPromptBehavior: dismiss and notify}
Session ID: dbd9ae4ef5223b25b97473ff0085a276
</error>
  </testcase>
  <testcase name="Then User Validate the Message is been displayed in the Your Message section" classname="Scenario: Verify Single and Double Input Field Functionalities" time="0">
    <skipped/>
  </testcase>
  <testcase name="Then User Enter a integer value in the Enter a text box" classname="Scenario: Verify Single and Double Input Field Functionalities" time="0">
    <skipped/>
  </testcase>
  <testcase name="And User Enter 2nd integer value in the Enter b text box" classname="Scenario: Verify Single and Double Input Field Functionalities" time="0">
    <skipped/>
  </testcase>
  <testcase name="Then User Click on the Get Total button" classname="Scenario: Verify Single and Double Input Field Functionalities" time="0">
    <skipped/>
  </testcase>
  <testcase name="Then User Validate the Total of a and b being displayed correctly" classname="Scenario: Verify Single and Double Input Field Functionalities" time="0">
    <skipped/>
  </testcase>
</testsuite>